<?xml version="1.0" encoding="UTF-8"?>
<!-- Generated by org.testng.reporters.JUnitReportReporter -->
<testsuite skipped="0" hostname="DESKTOP-1HT4T1P" name="com.qa.testcases.QuestionsPageTest" tests="2" failures="0" timestamp="10 Jun 2020 14:51:40 GMT" time="17.062" errors="0">
  <testcase name="verifyQuestionsPageTitle" time="7.625" classname="com.qa.testcases.QuestionsPageTest"/>
  <testcase name="verifyclickOnTag" time="9.437" classname="com.qa.testcases.QuestionsPageTest"/>
</testsuite> <!-- com.qa.testcases.QuestionsPageTest -->
