<?xml version="1.0" encoding="UTF-8"?>
<!-- Generated by org.testng.reporters.JUnitReportReporter -->
<testsuite skipped="0" hostname="DESKTOP-1HT4T1P" name="com.qa.testcases.HomePageTest" tests="2" failures="0" timestamp="10 Jun 2020 14:36:54 GMT" time="14.126" errors="0">
  <testcase name="verifyHomePageTitleTest" time="6.370" classname="com.qa.testcases.HomePageTest"/>
  <testcase name="verifyBrowseQuestionsLinkTest" time="7.756" classname="com.qa.testcases.HomePageTest"/>
</testsuite> <!-- com.qa.testcases.HomePageTest -->
