<?xml version="1.0" encoding="UTF-8"?>
<!-- Generated by org.testng.reporters.JUnitReportReporter -->
<testsuite skipped="0" hostname="DESKTOP-1HT4T1P" name="com.qa.testcases.TagsPageTest" tests="2" failures="0" timestamp="10 Jun 2020 17:18:33 GMT" time="17.698" errors="0">
  <testcase name="verifyNameOf3PopularTagTest" time="8.639" classname="com.qa.testcases.TagsPageTest"/>
  <testcase name="numberOfNewestQuestionsAskedTest" time="9.059" classname="com.qa.testcases.TagsPageTest"/>
</testsuite> <!-- com.qa.testcases.TagsPageTest -->
