<?xml version="1.0" encoding="UTF-8"?>
<!-- Generated by org.testng.reporters.JUnitReportReporter -->
<testsuite skipped="0" hostname="DESKTOP-1HT4T1P" name="com.qa.testcases.HomePageTest" tests="1" failures="0" timestamp="10 Jun 2020 10:12:35 GMT" time="6.989" errors="0">
  <testcase name="verifyHomePageTitleTest" time="6.989" classname="com.qa.testcases.HomePageTest"/>
</testsuite> <!-- com.qa.testcases.HomePageTest -->
